0 info it worked if it ends with ok
1 verbose cli [ '/usr/local/bin/node', '/usr/local/bin/npm', 'run', 'live' ]
2 info using npm@1.4.3
3 info using node@v0.10.26
4 verbose run-script [ 'prelive', 'live', 'postlive' ]
5 info prelive sentia-web@0.0.8
6 info live sentia-web@0.0.8
7 verbose unsafe-perm in lifecycle true
8 info sentia-web@0.0.8 Failed to exec live script
9 error sentia-web@0.0.8 live: `NODE_ENV=develop node node_modules/.bin/gulp watch`
9 error Exit status 8
10 error Failed at the sentia-web@0.0.8 live script.
10 error This is most likely a problem with the sentia-web package,
10 error not with npm itself.
10 error Tell the author that this fails on your system:
10 error     NODE_ENV=develop node node_modules/.bin/gulp watch
10 error You can get their info via:
10 error     npm owner ls sentia-web
10 error There is likely additional logging output above.
11 error System Linux 3.13.0-29-generic
12 error command "/usr/local/bin/node" "/usr/local/bin/npm" "run" "live"
13 error cwd /home/oolon/sentia-web
14 error node -v v0.10.26
15 error npm -v 1.4.3
16 error code ELIFECYCLE
17 verbose exit [ 1, true ]
